# JRE version: OpenJDK Runtime Environment Temurin-21.0.9+10 (21.0.9+10) (build 21.0.9+10-LTS)
# Java VM: OpenJDK 64-Bit Server VM Temurin-21.0.9+10 (21.0.9+10-LTS, mixed mode, sharing, tiered, compressed oops, compressed class ptrs, parallel gc, windows-amd64)
GC Precious Log:
 CardTable entry size: 512
 CPUs: 4 total, 4 available
 Memory: 4003M
 Large Page Support: Disabled
 NUMA Support: Disabled
 Compressed Oops: Enabled (32-bit)
 Alignments: Space 512K, Generation 512K, Heap 2M
 Heap Min Capacity: 100M
 Heap Initial Capacity: 100M
 Heap Max Capacity: 2G
 Pre-touch: Disabled
 Parallel Workers: 4
Heap:
 PSYoungGen      total 6144K, used 4151K [0x00000000d5580000, 0x00000000d5c80000, 0x0000000100000000)
  eden space 5120K, 67% used [0x00000000d5580000,0x00000000d58dcc60,0x00000000d5a80000)
  from space 1024K, 69% used [0x00000000d5a80000,0x00000000d5b31210,0x00000000d5b80000)
  to   space 1024K, 0% used [0x00000000d5b80000,0x00000000d5b80000,0x00000000d5c80000)
 ParOldGen       total 1068032K, used 1067709K [0x0000000080000000, 0x00000000c1300000, 0x00000000d5580000)
  object space 1068032K, 99% used [0x0000000080000000,0x00000000c12af4e8,0x00000000c1300000)
 Metaspace       used 96204K, committed 98112K, reserved 1179648K
  class space    used 9733K, committed 10624K, reserved 1048576K
GC Heap History (20 events):
Event: 18501.218 GC heap before
{Heap before GC invocations=1120 (full 5):
 PSYoungGen      total 6144K, used 5924K [0x00000000d5580000, 0x00000000d5c80000, 0x0000000100000000)
  eden space 5120K, 100% used [0x00000000d5580000,0x00000000d5a80000,0x00000000d5a80000)
  from space 1024K, 78% used [0x00000000d5a80000,0x00000000d5b49210,0x00000000d5b80000)
  to   space 1024K, 0% used [0x00000000d5b80000,0x00000000d5b80000,0x00000000d5c80000)
 ParOldGen       total 1064960K, used 1064478K [0x0000000080000000, 0x00000000c1000000, 0x00000000d5580000)
  object space 1064960K, 99% used [0x0000000080000000,0x00000000c0f87a08,0x00000000c1000000)
 Metaspace       used 96144K, committed 97984K, reserved 1179648K
  class space    used 9733K, committed 10624K, reserved 1048576K
}
Event: 18501.229 GC heap after
{Heap after GC invocations=1120 (full 5):
 PSYoungGen      total 6144K, used 650K [0x00000000d5580000, 0x00000000d5c80000, 0x0000000100000000)
  eden space 5120K, 0% used [0x00000000d5580000,0x00000000d5580000,0x00000000d5a80000)
  from space 1024K, 63% used [0x00000000d5b80000,0x00000000d5c22910,0x00000000d5c80000)
  to   space 1024K, 0% used [0x00000000d5a80000,0x00000000d5a80000,0x00000000d5b80000)
 ParOldGen       total 1065472K, used 1065195K [0x0000000080000000, 0x00000000c1080000, 0x00000000d5580000)
  object space 1065472K, 99% used [0x0000000080000000,0x00000000c103ac38,0x00000000c1080000)
 Metaspace       used 96144K, committed 97984K, reserved 1179648K
  class space    used 9733K, committed 10624K, reserved 1048576K
}
Event: 18505.662 GC heap before
{Heap before GC invocations=1121 (full 5):
 PSYoungGen      total 6144K, used 5770K [0x00000000d5580000, 0x00000000d5c80000, 0x0000000100000000)
  eden space 5120K, 100% used [0x00000000d5580000,0x00000000d5a80000,0x00000000d5a80000)
  from space 1024K, 63% used [0x00000000d5b80000,0x00000000d5c22910,0x00000000d5c80000)
  to   space 1024K, 0% used [0x00000000d5a80000,0x00000000d5a80000,0x00000000d5b80000)
 ParOldGen       total 1065472K, used 1065195K [0x0000000080000000, 0x00000000c1080000, 0x00000000d5580000)
  object space 1065472K, 99% used [0x0000000080000000,0x00000000c103ac38,0x00000000c1080000)
 Metaspace       used 96144K, committed 97984K, reserved 1179648K
  class space    used 9733K, committed 10624K, reserved 1048576K
}
Event: 18505.667 GC heap after
{Heap after GC invocations=1121 (full 5):
 PSYoungGen      total 6144K, used 676K [0x00000000d5580000, 0x00000000d5c80000, 0x0000000100000000)
  eden space 5120K, 0% used [0x00000000d5580000,0x00000000d5580000,0x00000000d5a80000)
  from space 1024K, 66% used [0x00000000d5a80000,0x00000000d5b29210,0x00000000d5b80000)
  to   space 1024K, 0% used [0x00000000d5b80000,0x00000000d5b80000,0x00000000d5c80000)
 ParOldGen       total 1065984K, used 1065771K [0x0000000080000000, 0x00000000c1100000, 0x00000000d5580000)
  object space 1065984K, 99% used [0x0000000080000000,0x00000000c10cae58,0x00000000c1100000)
 Metaspace       used 96144K, committed 97984K, reserved 1179648K
  class space    used 9733K, committed 10624K, reserved 1048576K
}
Event: 19071.370 GC heap before
{Heap before GC invocations=1122 (full 5):
 PSYoungGen      total 6144K, used 5796K [0x00000000d5580000, 0x00000000d5c80000, 0x0000000100000000)
  eden space 5120K, 100% used [0x00000000d5580000,0x00000000d5a80000,0x00000000d5a80000)
  from space 1024K, 66% used [0x00000000d5a80000,0x00000000d5b29210,0x00000000d5b80000)
  to   space 1024K, 0% used [0x00000000d5b80000,0x00000000d5b80000,0x00000000d5c80000)
 ParOldGen       total 1065984K, used 1065771K [0x0000000080000000, 0x00000000c1100000, 0x00000000d5580000)
  object space 1065984K, 99% used [0x0000000080000000,0x00000000c10cae58,0x00000000c1100000)
 Metaspace       used 96150K, committed 98048K, reserved 1179648K
  class space    used 9733K, committed 10624K, reserved 1048576K
}
Event: 19071.381 GC heap after
{Heap after GC invocations=1122 (full 5):
 PSYoungGen      total 6144K, used 496K [0x00000000d5580000, 0x00000000d5c80000, 0x0000000100000000)
  eden space 5120K, 0% used [0x00000000d5580000,0x00000000d5580000,0x00000000d5a80000)
  from space 1024K, 48% used [0x00000000d5b80000,0x00000000d5bfc030,0x00000000d5c80000)
  to   space 1024K, 0% used [0x00000000d5a80000,0x00000000d5a80000,0x00000000d5b80000)
 ParOldGen       total 1066496K, used 1066392K [0x0000000080000000, 0x00000000c1180000, 0x00000000d5580000)
  object space 1066496K, 99% used [0x0000000080000000,0x00000000c1166068,0x00000000c1180000)
 Metaspace       used 96150K, committed 98048K, reserved 1179648K
  class space    used 9733K, committed 10624K, reserved 1048576K
}
Event: 19073.864 GC heap before
{Heap before GC invocations=1123 (full 5):
 PSYoungGen      total 6144K, used 5616K [0x00000000d5580000, 0x00000000d5c80000, 0x0000000100000000)
  eden space 5120K, 100% used [0x00000000d5580000,0x00000000d5a80000,0x00000000d5a80000)
  from space 1024K, 48% used [0x00000000d5b80000,0x00000000d5bfc030,0x00000000d5c80000)
  to   space 1024K, 0% used [0x00000000d5a80000,0x00000000d5a80000,0x00000000d5b80000)
 ParOldGen       total 1066496K, used 1066392K [0x0000000080000000, 0x00000000c1180000, 0x00000000d5580000)
  object space 1066496K, 99% used [0x0000000080000000,0x00000000c1166068,0x00000000c1180000)
 Metaspace       used 96160K, committed 98048K, reserved 1179648K
  class space    used 9733K, committed 10624K, reserved 1048576K
}
Event: 19073.877 GC heap after
{Heap after GC invocations=1123 (full 5):
 PSYoungGen      total 6144K, used 128K [0x00000000d5580000, 0x00000000d5c00000, 0x0000000100000000)
  eden space 5120K, 0% used [0x00000000d5580000,0x00000000d5580000,0x00000000d5a80000)
  from space 1024K, 12% used [0x00000000d5a80000,0x00000000d5aa0000,0x00000000d5b80000)
  to   space 512K, 0% used [0x00000000d5b80000,0x00000000d5b80000,0x00000000d5c00000)
 ParOldGen       total 1067008K, used 1066792K [0x0000000080000000, 0x00000000c1200000, 0x00000000d5580000)
  object space 1067008K, 99% used [0x0000000080000000,0x00000000c11ca098,0x00000000c1200000)
 Metaspace       used 96160K, committed 98048K, reserved 1179648K
  class space    used 9733K, committed 10624K, reserved 1048576K
}
Event: 19073.917 GC heap before
{Heap before GC invocations=1124 (full 5):
 PSYoungGen      total 6144K, used 5248K [0x00000000d5580000, 0x00000000d5c00000, 0x0000000100000000)
  eden space 5120K, 100% used [0x00000000d5580000,0x00000000d5a80000,0x00000000d5a80000)
  from space 1024K, 12% used [0x00000000d5a80000,0x00000000d5aa0000,0x00000000d5b80000)
  to   space 512K, 0% used [0x00000000d5b80000,0x00000000d5b80000,0x00000000d5c00000)
 ParOldGen       total 1067008K, used 1066792K [0x0000000080000000, 0x00000000c1200000, 0x00000000d5580000)
  object space 1067008K, 99% used [0x0000000080000000,0x00000000c11ca098,0x00000000c1200000)
 Metaspace       used 96161K, committed 98048K, reserved 1179648K
  class space    used 9733K, committed 10624K, reserved 1048576K
}
Event: 19073.924 GC heap after
{Heap after GC invocations=1124 (full 5):
 PSYoungGen      total 5632K, used 176K [0x00000000d5580000, 0x00000000d5c00000, 0x0000000100000000)
  eden space 5120K, 0% used [0x00000000d5580000,0x00000000d5580000,0x00000000d5a80000)
  from space 512K, 34% used [0x00000000d5b80000,0x00000000d5bac010,0x00000000d5c00000)
  to   space 512K, 0% used [0x00000000d5b00000,0x00000000d5b00000,0x00000000d5b80000)
 ParOldGen       total 1067008K, used 1066816K [0x0000000080000000, 0x00000000c1200000, 0x00000000d5580000)
  object space 1067008K, 99% used [0x0000000080000000,0x00000000c11d0098,0x00000000c1200000)
 Metaspace       used 96161K, committed 98048K, reserved 1179648K
  class space    used 9733K, committed 10624K, reserved 1048576K
}
Event: 19073.973 GC heap before
{Heap before GC invocations=1125 (full 5):
 PSYoungGen      total 5632K, used 5296K [0x00000000d5580000, 0x00000000d5c00000, 0x0000000100000000)
  eden space 5120K, 100% used [0x00000000d5580000,0x00000000d5a80000,0x00000000d5a80000)
  from space 512K, 34% used [0x00000000d5b80000,0x00000000d5bac010,0x00000000d5c00000)
  to   space 512K, 0% used [0x00000000d5b00000,0x00000000d5b00000,0x00000000d5b80000)
 ParOldGen       total 1067008K, used 1066816K [0x0000000080000000, 0x00000000c1200000, 0x00000000d5580000)
  object space 1067008K, 99% used [0x0000000080000000,0x00000000c11d0098,0x00000000c1200000)
 Metaspace       used 96161K, committed 98048K, reserved 1179648K
  class space    used 9733K, committed 10624K, reserved 1048576K
}
Event: 19073.979 GC heap after
{Heap after GC invocations=1125 (full 5):
 PSYoungGen      total 5632K, used 180K [0x00000000d5580000, 0x00000000d5c00000, 0x0000000100000000)
  eden space 5120K, 0% used [0x00000000d5580000,0x00000000d5580000,0x00000000d5a80000)
  from space 512K, 35% used [0x00000000d5b00000,0x00000000d5b2d200,0x00000000d5b80000)
  to   space 512K, 0% used [0x00000000d5b80000,0x00000000d5b80000,0x00000000d5c00000)
 ParOldGen       total 1067008K, used 1066824K [0x0000000080000000, 0x00000000c1200000, 0x00000000d5580000)
  object space 1067008K, 99% used [0x0000000080000000,0x00000000c11d2098,0x00000000c1200000)
 Metaspace       used 96161K, committed 98048K, reserved 1179648K
  class space    used 9733K, committed 10624K, reserved 1048576K
}
Event: 19074.046 GC heap before
{Heap before GC invocations=1126 (full 5):
 PSYoungGen      total 5632K, used 5300K [0x00000000d5580000, 0x00000000d5c00000, 0x0000000100000000)
  eden space 5120K, 100% used [0x00000000d5580000,0x00000000d5a80000,0x00000000d5a80000)
  from space 512K, 35% used [0x00000000d5b00000,0x00000000d5b2d200,0x00000000d5b80000)
  to   space 512K, 0% used [0x00000000d5b80000,0x00000000d5b80000,0x00000000d5c00000)
 ParOldGen       total 1067008K, used 1066824K [0x0000000080000000, 0x00000000c1200000, 0x00000000d5580000)
  object space 1067008K, 99% used [0x0000000080000000,0x00000000c11d2098,0x00000000c1200000)
 Metaspace       used 96165K, committed 98048K, reserved 1179648K
  class space    used 9733K, committed 10624K, reserved 1048576K
}
Event: 19074.053 GC heap after
{Heap after GC invocations=1126 (full 5):
 PSYoungGen      total 5632K, used 186K [0x00000000d5580000, 0x00000000d5c00000, 0x0000000100000000)
  eden space 5120K, 0% used [0x00000000d5580000,0x00000000d5580000,0x00000000d5a80000)
  from space 512K, 36% used [0x00000000d5b80000,0x00000000d5bae900,0x00000000d5c00000)
  to   space 512K, 0% used [0x00000000d5b00000,0x00000000d5b00000,0x00000000d5b80000)
 ParOldGen       total 1067008K, used 1066824K [0x0000000080000000, 0x00000000c1200000, 0x00000000d5580000)
  object space 1067008K, 99% used [0x0000000080000000,0x00000000c11d2098,0x00000000c1200000)
 Metaspace       used 96165K, committed 98048K, reserved 1179648K
  class space    used 9733K, committed 10624K, reserved 1048576K
}
Event: 19074.103 GC heap before
{Heap before GC invocations=1127 (full 5):
 PSYoungGen      total 5632K, used 5306K [0x00000000d5580000, 0x00000000d5c00000, 0x0000000100000000)
  eden space 5120K, 100% used [0x00000000d5580000,0x00000000d5a80000,0x00000000d5a80000)
  from space 512K, 36% used [0x00000000d5b80000,0x00000000d5bae900,0x00000000d5c00000)
  to   space 512K, 0% used [0x00000000d5b00000,0x00000000d5b00000,0x00000000d5b80000)
 ParOldGen       total 1067008K, used 1066824K [0x0000000080000000, 0x00000000c1200000, 0x00000000d5580000)
  object space 1067008K, 99% used [0x0000000080000000,0x00000000c11d2098,0x00000000c1200000)
 Metaspace       used 96168K, committed 98048K, reserved 1179648K
  class space    used 9733K, committed 10624K, reserved 1048576K
}
Event: 19074.109 GC heap after
{Heap after GC invocations=1127 (full 5):
 PSYoungGen      total 5632K, used 276K [0x00000000d5580000, 0x00000000d5c00000, 0x0000000100000000)
  eden space 5120K, 0% used [0x00000000d5580000,0x00000000d5580000,0x00000000d5a80000)
  from space 512K, 54% used [0x00000000d5b00000,0x00000000d5b45220,0x00000000d5b80000)
  to   space 512K, 0% used [0x00000000d5b80000,0x00000000d5b80000,0x00000000d5c00000)
 ParOldGen       total 1067008K, used 1066840K [0x0000000080000000, 0x00000000c1200000, 0x00000000d5580000)
  object space 1067008K, 99% used [0x0000000080000000,0x00000000c11d6098,0x00000000c1200000)
 Metaspace       used 96168K, committed 98048K, reserved 1179648K
  class space    used 9733K, committed 10624K, reserved 1048576K
}
Event: 19074.458 GC heap before
{Heap before GC invocations=1128 (full 5):
 PSYoungGen      total 5632K, used 5396K [0x00000000d5580000, 0x00000000d5c00000, 0x0000000100000000)
  eden space 5120K, 100% used [0x00000000d5580000,0x00000000d5a80000,0x00000000d5a80000)
  from space 512K, 54% used [0x00000000d5b00000,0x00000000d5b45220,0x00000000d5b80000)
  to   space 512K, 0% used [0x00000000d5b80000,0x00000000d5b80000,0x00000000d5c00000)
 ParOldGen       total 1067008K, used 1066840K [0x0000000080000000, 0x00000000c1200000, 0x00000000d5580000)
  object space 1067008K, 99% used [0x0000000080000000,0x00000000c11d6098,0x00000000c1200000)
 Metaspace       used 96168K, committed 98048K, reserved 1179648K
  class space    used 9733K, committed 10624K, reserved 1048576K
}
Event: 19074.462 GC heap after
{Heap after GC invocations=1128 (full 5):
 PSYoungGen      total 5632K, used 512K [0x00000000d5580000, 0x00000000d5c80000, 0x0000000100000000)
  eden space 5120K, 0% used [0x00000000d5580000,0x00000000d5580000,0x00000000d5a80000)
  from space 512K, 100% used [0x00000000d5b80000,0x00000000d5c00000,0x00000000d5c00000)
  to   space 1024K, 0% used [0x00000000d5a80000,0x00000000d5a80000,0x00000000d5b80000)
 ParOldGen       total 1067520K, used 1067209K [0x0000000080000000, 0x00000000c1280000, 0x00000000d5580000)
  object space 1067520K, 99% used [0x0000000080000000,0x00000000c12324d8,0x00000000c1280000)
 Metaspace       used 96168K, committed 98048K, reserved 1179648K
  class space    used 9733K, committed 10624K, reserved 1048576K
}
Event: 19074.508 GC heap before
{Heap before GC invocations=1129 (full 5):
 PSYoungGen      total 5632K, used 5632K [0x00000000d5580000, 0x00000000d5c80000, 0x0000000100000000)
  eden space 5120K, 100% used [0x00000000d5580000,0x00000000d5a80000,0x00000000d5a80000)
  from space 512K, 100% used [0x00000000d5b80000,0x00000000d5c00000,0x00000000d5c00000)
  to   space 1024K, 0% used [0x00000000d5a80000,0x00000000d5a80000,0x00000000d5b80000)
 ParOldGen       total 1067520K, used 1067209K [0x0000000080000000, 0x00000000c1280000, 0x00000000d5580000)
  object space 1067520K, 99% used [0x0000000080000000,0x00000000c12324d8,0x00000000c1280000)
 Metaspace       used 96168K, committed 98048K, reserved 1179648K
  class space    used 9733K, committed 10624K, reserved 1048576K
}
Event: 19074.513 GC heap after
{Heap after GC invocations=1129 (full 5):
 PSYoungGen      total 6144K, used 708K [0x00000000d5580000, 0x00000000d5c80000, 0x0000000100000000)
  eden space 5120K, 0% used [0x00000000d5580000,0x00000000d5580000,0x00000000d5a80000)
  from space 1024K, 69% used [0x00000000d5a80000,0x00000000d5b31210,0x00000000d5b80000)
  to   space 1024K, 0% used [0x00000000d5b80000,0x00000000d5b80000,0x00000000d5c80000)
 ParOldGen       total 1068032K, used 1067709K [0x0000000080000000, 0x00000000c1300000, 0x00000000d5580000)
  object space 1068032K, 99% used [0x0000000080000000,0x00000000c12af4e8,0x00000000c1300000)
 Metaspace       used 96168K, committed 98048K, reserved 1179648K
  class space    used 9733K, committed 10624K, reserved 1048576K
}

